<?xml version="1.0" encoding="UTF-8"?>
<!-- Generated by org.testng.reporters.JUnitReportReporter -->
<testsuite hostname="LAPTOP-C2ALS5SC" name="com.qa.testcases.Testcase1" tests="1" failures="0" timestamp="15 Mar 2023 23:12:59 GMT" time="15.490" errors="0">
  <testcase name="Successfullogin" time="15.490" classname="com.qa.testcases.Testcase1"/>
</testsuite> <!-- com.qa.testcases.Testcase1 -->
